{"/Users/dhiraj/Dropbox/projects/udemy-react-course-projects/expensify-app/src/actions/expenses.js": {"path":"/Users/dhiraj/Dropbox/projects/udemy-react-course-projects/expensify-app/src/actions/expenses.js","statementMap":{"0":{"start":{"line":4,"column":26},"end":{"line":18,"column":2}},"1":{"start":{"line":9,"column":7},"end":{"line":18,"column":1}},"2":{"start":{"line":21,"column":29},"end":{"line":24,"column":2}},"3":{"start":{"line":21,"column":47},"end":{"line":24,"column":1}},"4":{"start":{"line":27,"column":27},"end":{"line":31,"column":2}},"5":{"start":{"line":27,"column":45},"end":{"line":31,"column":1}}},"fnMap":{"0":{"name":"(anonymous_0)","decl":{"start":{"line":4,"column":26},"end":{"line":4,"column":27}},"loc":{"start":{"line":9,"column":7},"end":{"line":18,"column":1}},"line":9},"1":{"name":"(anonymous_1)","decl":{"start":{"line":21,"column":29},"end":{"line":21,"column":30}},"loc":{"start":{"line":21,"column":47},"end":{"line":24,"column":1}},"line":21},"2":{"name":"(anonymous_2)","decl":{"start":{"line":27,"column":27},"end":{"line":27,"column":28}},"loc":{"start":{"line":27,"column":45},"end":{"line":31,"column":1}},"line":27}},"branchMap":{"0":{"loc":{"start":{"line":5,"column":4},"end":{"line":5,"column":20}},"type":"default-arg","locations":[{"start":{"line":5,"column":18},"end":{"line":5,"column":20}}],"line":5},"1":{"loc":{"start":{"line":6,"column":4},"end":{"line":6,"column":13}},"type":"default-arg","locations":[{"start":{"line":6,"column":11},"end":{"line":6,"column":13}}],"line":6},"2":{"loc":{"start":{"line":7,"column":4},"end":{"line":7,"column":14}},"type":"default-arg","locations":[{"start":{"line":7,"column":13},"end":{"line":7,"column":14}}],"line":7},"3":{"loc":{"start":{"line":8,"column":4},"end":{"line":8,"column":17}},"type":"default-arg","locations":[{"start":{"line":8,"column":16},"end":{"line":8,"column":17}}],"line":8},"4":{"loc":{"start":{"line":21,"column":30},"end":{"line":21,"column":41}},"type":"default-arg","locations":[{"start":{"line":21,"column":39},"end":{"line":21,"column":41}}],"line":21}},"s":{"0":3,"1":2,"2":3,"3":1,"4":3,"5":1},"f":{"0":2,"1":1,"2":1},"b":{"0":[1],"1":[1],"2":[1],"3":[1],"4":[0]},"_coverageSchema":"332fd63041d2c1bcb487cc26dd0d5f7d97098a6c","hash":"99d6d14fd2bcb1e7205582b80c8e1aed32508a2b"}
,"/Users/dhiraj/Dropbox/projects/udemy-react-course-projects/expensify-app/src/actions/filters.js": {"path":"/Users/dhiraj/Dropbox/projects/udemy-react-course-projects/expensify-app/src/actions/filters.js","statementMap":{"0":{"start":{"line":2,"column":29},"end":{"line":5,"column":2}},"1":{"start":{"line":2,"column":45},"end":{"line":5,"column":1}},"2":{"start":{"line":8,"column":26},"end":{"line":8,"column":58}},"3":{"start":{"line":8,"column":33},"end":{"line":8,"column":57}},"4":{"start":{"line":11,"column":28},"end":{"line":11,"column":62}},"5":{"start":{"line":11,"column":35},"end":{"line":11,"column":61}},"6":{"start":{"line":14,"column":28},"end":{"line":17,"column":2}},"7":{"start":{"line":14,"column":44},"end":{"line":17,"column":1}},"8":{"start":{"line":20,"column":26},"end":{"line":23,"column":2}},"9":{"start":{"line":20,"column":40},"end":{"line":23,"column":1}}},"fnMap":{"0":{"name":"(anonymous_0)","decl":{"start":{"line":2,"column":29},"end":{"line":2,"column":30}},"loc":{"start":{"line":2,"column":45},"end":{"line":5,"column":1}},"line":2},"1":{"name":"(anonymous_1)","decl":{"start":{"line":8,"column":26},"end":{"line":8,"column":27}},"loc":{"start":{"line":8,"column":33},"end":{"line":8,"column":57}},"line":8},"2":{"name":"(anonymous_2)","decl":{"start":{"line":11,"column":28},"end":{"line":11,"column":29}},"loc":{"start":{"line":11,"column":35},"end":{"line":11,"column":61}},"line":11},"3":{"name":"(anonymous_3)","decl":{"start":{"line":14,"column":28},"end":{"line":14,"column":29}},"loc":{"start":{"line":14,"column":44},"end":{"line":17,"column":1}},"line":14},"4":{"name":"(anonymous_4)","decl":{"start":{"line":20,"column":26},"end":{"line":20,"column":27}},"loc":{"start":{"line":20,"column":40},"end":{"line":23,"column":1}},"line":20}},"branchMap":{"0":{"loc":{"start":{"line":2,"column":30},"end":{"line":2,"column":39}},"type":"default-arg","locations":[{"start":{"line":2,"column":37},"end":{"line":2,"column":39}}],"line":2}},"s":{"0":3,"1":2,"2":3,"3":1,"4":3,"5":1,"6":3,"7":1,"8":3,"9":1},"f":{"0":2,"1":1,"2":1,"3":1,"4":1},"b":{"0":[1]},"_coverageSchema":"332fd63041d2c1bcb487cc26dd0d5f7d97098a6c","hash":"2a328997463cbfbddeea2a45493658ef20241512"}
,"/Users/dhiraj/Dropbox/projects/udemy-react-course-projects/expensify-app/src/components/AddExpensePage.js": {"path":"/Users/dhiraj/Dropbox/projects/udemy-react-course-projects/expensify-app/src/components/AddExpensePage.js","statementMap":{"0":{"start":{"line":8,"column":8},"end":{"line":8,"column":39}},"1":{"start":{"line":9,"column":8},"end":{"line":9,"column":37}},"2":{"start":{"line":12,"column":8},"end":{"line":17,"column":10}},"3":{"start":{"line":21,"column":27},"end":{"line":23,"column":2}},"4":{"start":{"line":21,"column":42},"end":{"line":23,"column":1}},"5":{"start":{"line":22,"column":29},"end":{"line":22,"column":58}}},"fnMap":{"0":{"name":"(anonymous_0)","decl":{"start":{"line":7,"column":15},"end":{"line":7,"column":16}},"loc":{"start":{"line":7,"column":28},"end":{"line":10,"column":5}},"line":7},"1":{"name":"(anonymous_1)","decl":{"start":{"line":11,"column":4},"end":{"line":11,"column":5}},"loc":{"start":{"line":11,"column":13},"end":{"line":18,"column":5}},"line":11},"2":{"name":"(anonymous_2)","decl":{"start":{"line":21,"column":27},"end":{"line":21,"column":28}},"loc":{"start":{"line":21,"column":42},"end":{"line":23,"column":1}},"line":21},"3":{"name":"(anonymous_3)","decl":{"start":{"line":22,"column":16},"end":{"line":22,"column":17}},"loc":{"start":{"line":22,"column":29},"end":{"line":22,"column":58}},"line":22}},"branchMap":{},"s":{"0":1,"1":1,"2":2,"3":1,"4":0,"5":0},"f":{"0":1,"1":2,"2":0,"3":0},"b":{},"_coverageSchema":"332fd63041d2c1bcb487cc26dd0d5f7d97098a6c","hash":"70d796dd35a65e65e0bb10d255bfc6173d989e89"}
,"/Users/dhiraj/Dropbox/projects/udemy-react-course-projects/expensify-app/src/components/EditExpensePage.js": {"path":"/Users/dhiraj/Dropbox/projects/udemy-react-course-projects/expensify-app/src/components/EditExpensePage.js","statementMap":{"0":{"start":{"line":8,"column":8},"end":{"line":8,"column":63}},"1":{"start":{"line":9,"column":8},"end":{"line":9,"column":37}},"2":{"start":{"line":12,"column":8},"end":{"line":12,"column":56}},"3":{"start":{"line":13,"column":8},"end":{"line":13,"column":37}},"4":{"start":{"line":16,"column":8},"end":{"line":23,"column":10}},"5":{"start":{"line":27,"column":24},"end":{"line":29,"column":2}},"6":{"start":{"line":27,"column":43},"end":{"line":29,"column":1}},"7":{"start":{"line":28,"column":46},"end":{"line":28,"column":82}},"8":{"start":{"line":31,"column":27},"end":{"line":34,"column":2}},"9":{"start":{"line":31,"column":42},"end":{"line":34,"column":1}},"10":{"start":{"line":32,"column":34},"end":{"line":32,"column":68}},"11":{"start":{"line":33,"column":27},"end":{"line":33,"column":58}}},"fnMap":{"0":{"name":"(anonymous_0)","decl":{"start":{"line":7,"column":15},"end":{"line":7,"column":16}},"loc":{"start":{"line":7,"column":28},"end":{"line":10,"column":5}},"line":7},"1":{"name":"(anonymous_1)","decl":{"start":{"line":11,"column":14},"end":{"line":11,"column":15}},"loc":{"start":{"line":11,"column":20},"end":{"line":14,"column":5}},"line":11},"2":{"name":"(anonymous_2)","decl":{"start":{"line":15,"column":4},"end":{"line":15,"column":5}},"loc":{"start":{"line":15,"column":13},"end":{"line":24,"column":5}},"line":15},"3":{"name":"(anonymous_3)","decl":{"start":{"line":27,"column":24},"end":{"line":27,"column":25}},"loc":{"start":{"line":27,"column":43},"end":{"line":29,"column":1}},"line":27},"4":{"name":"(anonymous_4)","decl":{"start":{"line":28,"column":33},"end":{"line":28,"column":34}},"loc":{"start":{"line":28,"column":46},"end":{"line":28,"column":82}},"line":28},"5":{"name":"(anonymous_5)","decl":{"start":{"line":31,"column":27},"end":{"line":31,"column":28}},"loc":{"start":{"line":31,"column":42},"end":{"line":34,"column":1}},"line":31},"6":{"name":"(anonymous_6)","decl":{"start":{"line":32,"column":17},"end":{"line":32,"column":18}},"loc":{"start":{"line":32,"column":34},"end":{"line":32,"column":68}},"line":32},"7":{"name":"(anonymous_7)","decl":{"start":{"line":33,"column":19},"end":{"line":33,"column":20}},"loc":{"start":{"line":33,"column":27},"end":{"line":33,"column":58}},"line":33}},"branchMap":{},"s":{"0":1,"1":1,"2":1,"3":1,"4":3,"5":1,"6":0,"7":0,"8":1,"9":0,"10":0,"11":0},"f":{"0":1,"1":1,"2":3,"3":0,"4":0,"5":0,"6":0,"7":0},"b":{},"_coverageSchema":"332fd63041d2c1bcb487cc26dd0d5f7d97098a6c","hash":"62b8ff59ec908857870e7a5d007e721fad254b4d"}
,"/Users/dhiraj/Dropbox/projects/udemy-react-course-projects/expensify-app/src/components/ExpenseDashboardPage.js": {"path":"/Users/dhiraj/Dropbox/projects/udemy-react-course-projects/expensify-app/src/components/ExpenseDashboardPage.js","statementMap":{"0":{"start":{"line":5,"column":29},"end":{"line":11,"column":1}},"1":{"start":{"line":6,"column":4},"end":{"line":10,"column":10}}},"fnMap":{"0":{"name":"(anonymous_0)","decl":{"start":{"line":5,"column":29},"end":{"line":5,"column":30}},"loc":{"start":{"line":6,"column":4},"end":{"line":10,"column":10}},"line":6}},"branchMap":{},"s":{"0":1,"1":1},"f":{"0":1},"b":{},"_coverageSchema":"332fd63041d2c1bcb487cc26dd0d5f7d97098a6c","hash":"b9d2f5abdf2d5452f3dabab408fd414028a1ffe9"}
,"/Users/dhiraj/Dropbox/projects/udemy-react-course-projects/expensify-app/src/components/ExpenseForm.js": {"path":"/Users/dhiraj/Dropbox/projects/udemy-react-course-projects/expensify-app/src/components/ExpenseForm.js","statementMap":{"0":{"start":{"line":15,"column":28},"end":{"line":15,"column":42}},"1":{"start":{"line":16,"column":8},"end":{"line":16,"column":47}},"2":{"start":{"line":16,"column":29},"end":{"line":16,"column":44}},"3":{"start":{"line":19,"column":23},"end":{"line":19,"column":37}},"4":{"start":{"line":20,"column":8},"end":{"line":22,"column":9}},"5":{"start":{"line":21,"column":12},"end":{"line":21,"column":46}},"6":{"start":{"line":21,"column":33},"end":{"line":21,"column":43}},"7":{"start":{"line":25,"column":8},"end":{"line":27,"column":9}},"8":{"start":{"line":26,"column":12},"end":{"line":26,"column":49}},"9":{"start":{"line":26,"column":33},"end":{"line":26,"column":46}},"10":{"start":{"line":30,"column":8},"end":{"line":30,"column":60}},"11":{"start":{"line":30,"column":29},"end":{"line":30,"column":57}},"12":{"start":{"line":33,"column":21},"end":{"line":33,"column":35}},"13":{"start":{"line":34,"column":8},"end":{"line":34,"column":40}},"14":{"start":{"line":34,"column":29},"end":{"line":34,"column":37}},"15":{"start":{"line":37,"column":8},"end":{"line":37,"column":27}},"16":{"start":{"line":38,"column":8},"end":{"line":48,"column":9}},"17":{"start":{"line":39,"column":12},"end":{"line":39,"column":95}},"18":{"start":{"line":39,"column":33},"end":{"line":39,"column":92}},"19":{"start":{"line":41,"column":12},"end":{"line":41,"column":56}},"20":{"start":{"line":41,"column":33},"end":{"line":41,"column":53}},"21":{"start":{"line":42,"column":12},"end":{"line":47,"column":15}},"22":{"start":{"line":51,"column":8},"end":{"line":83,"column":10}},"23":{"start":{"line":72,"column":46},"end":{"line":72,"column":51}}},"fnMap":{"0":{"name":"(anonymous_0)","decl":{"start":{"line":14,"column":26},"end":{"line":14,"column":27}},"loc":{"start":{"line":14,"column":33},"end":{"line":17,"column":5}},"line":14},"1":{"name":"(anonymous_1)","decl":{"start":{"line":16,"column":22},"end":{"line":16,"column":23}},"loc":{"start":{"line":16,"column":29},"end":{"line":16,"column":44}},"line":16},"2":{"name":"(anonymous_2)","decl":{"start":{"line":18,"column":21},"end":{"line":18,"column":22}},"loc":{"start":{"line":18,"column":28},"end":{"line":23,"column":5}},"line":18},"3":{"name":"(anonymous_3)","decl":{"start":{"line":21,"column":26},"end":{"line":21,"column":27}},"loc":{"start":{"line":21,"column":33},"end":{"line":21,"column":43}},"line":21},"4":{"name":"(anonymous_4)","decl":{"start":{"line":24,"column":19},"end":{"line":24,"column":20}},"loc":{"start":{"line":24,"column":34},"end":{"line":28,"column":5}},"line":24},"5":{"name":"(anonymous_5)","decl":{"start":{"line":26,"column":26},"end":{"line":26,"column":27}},"loc":{"start":{"line":26,"column":33},"end":{"line":26,"column":46}},"line":26},"6":{"name":"(anonymous_6)","decl":{"start":{"line":29,"column":20},"end":{"line":29,"column":21}},"loc":{"start":{"line":29,"column":37},"end":{"line":31,"column":5}},"line":29},"7":{"name":"(anonymous_7)","decl":{"start":{"line":30,"column":22},"end":{"line":30,"column":23}},"loc":{"start":{"line":30,"column":29},"end":{"line":30,"column":57}},"line":30},"8":{"name":"(anonymous_8)","decl":{"start":{"line":32,"column":19},"end":{"line":32,"column":20}},"loc":{"start":{"line":32,"column":26},"end":{"line":35,"column":5}},"line":32},"9":{"name":"(anonymous_9)","decl":{"start":{"line":34,"column":22},"end":{"line":34,"column":23}},"loc":{"start":{"line":34,"column":29},"end":{"line":34,"column":37}},"line":34},"10":{"name":"(anonymous_10)","decl":{"start":{"line":36,"column":15},"end":{"line":36,"column":16}},"loc":{"start":{"line":36,"column":22},"end":{"line":49,"column":5}},"line":36},"11":{"name":"(anonymous_11)","decl":{"start":{"line":39,"column":26},"end":{"line":39,"column":27}},"loc":{"start":{"line":39,"column":33},"end":{"line":39,"column":92}},"line":39},"12":{"name":"(anonymous_12)","decl":{"start":{"line":41,"column":26},"end":{"line":41,"column":27}},"loc":{"start":{"line":41,"column":33},"end":{"line":41,"column":53}},"line":41},"13":{"name":"(anonymous_13)","decl":{"start":{"line":50,"column":4},"end":{"line":50,"column":5}},"loc":{"start":{"line":50,"column":13},"end":{"line":84,"column":5}},"line":50},"14":{"name":"(anonymous_14)","decl":{"start":{"line":72,"column":40},"end":{"line":72,"column":41}},"loc":{"start":{"line":72,"column":46},"end":{"line":72,"column":51}},"line":72}},"branchMap":{"0":{"loc":{"start":{"line":7,"column":21},"end":{"line":7,"column":77}},"type":"cond-expr","locations":[{"start":{"line":7,"column":42},"end":{"line":7,"column":72}},{"start":{"line":7,"column":75},"end":{"line":7,"column":77}}],"line":7},"1":{"loc":{"start":{"line":8,"column":16},"end":{"line":8,"column":86}},"type":"cond-expr","locations":[{"start":{"line":8,"column":37},"end":{"line":8,"column":81}},{"start":{"line":8,"column":84},"end":{"line":8,"column":86}}],"line":8},"2":{"loc":{"start":{"line":9,"column":14},"end":{"line":9,"column":63}},"type":"cond-expr","locations":[{"start":{"line":9,"column":35},"end":{"line":9,"column":58}},{"start":{"line":9,"column":61},"end":{"line":9,"column":63}}],"line":9},"3":{"loc":{"start":{"line":10,"column":19},"end":{"line":10,"column":87}},"type":"cond-expr","locations":[{"start":{"line":10,"column":40},"end":{"line":10,"column":76}},{"start":{"line":10,"column":79},"end":{"line":10,"column":87}}],"line":10},"4":{"loc":{"start":{"line":20,"column":8},"end":{"line":22,"column":9}},"type":"if","locations":[{"start":{"line":20,"column":8},"end":{"line":22,"column":9}},{"start":{"line":20,"column":8},"end":{"line":22,"column":9}}],"line":20},"5":{"loc":{"start":{"line":20,"column":12},"end":{"line":20,"column":59}},"type":"binary-expr","locations":[{"start":{"line":20,"column":12},"end":{"line":20,"column":19}},{"start":{"line":20,"column":23},"end":{"line":20,"column":59}}],"line":20},"6":{"loc":{"start":{"line":25,"column":8},"end":{"line":27,"column":9}},"type":"if","locations":[{"start":{"line":25,"column":8},"end":{"line":27,"column":9}},{"start":{"line":25,"column":8},"end":{"line":27,"column":9}}],"line":25},"7":{"loc":{"start":{"line":38,"column":8},"end":{"line":48,"column":9}},"type":"if","locations":[{"start":{"line":38,"column":8},"end":{"line":48,"column":9}},{"start":{"line":38,"column":8},"end":{"line":48,"column":9}}],"line":38},"8":{"loc":{"start":{"line":38,"column":12},"end":{"line":38,"column":57}},"type":"binary-expr","locations":[{"start":{"line":38,"column":12},"end":{"line":38,"column":30}},{"start":{"line":38,"column":34},"end":{"line":38,"column":57}}],"line":38},"9":{"loc":{"start":{"line":53,"column":17},"end":{"line":53,"column":62}},"type":"binary-expr","locations":[{"start":{"line":53,"column":17},"end":{"line":53,"column":33}},{"start":{"line":53,"column":37},"end":{"line":53,"column":62}}],"line":53}},"s":{"0":2,"1":2,"2":2,"3":2,"4":2,"5":1,"6":1,"7":1,"8":1,"9":1,"10":1,"11":1,"12":1,"13":1,"14":1,"15":2,"16":2,"17":1,"18":1,"19":1,"20":1,"21":1,"22":18,"23":0},"f":{"0":2,"1":2,"2":2,"3":1,"4":1,"5":1,"6":1,"7":1,"8":1,"9":1,"10":2,"11":1,"12":1,"13":18,"14":0},"b":{"0":[8,2],"1":[8,2],"2":[8,2],"3":[8,2],"4":[1,1],"5":[2,2],"6":[1,0],"7":[1,1],"8":[2,1],"9":[18,1]},"_coverageSchema":"332fd63041d2c1bcb487cc26dd0d5f7d97098a6c","hash":"1a0b3575002ef459746a46c1c963eba8b79051f7"}
,"/Users/dhiraj/Dropbox/projects/udemy-react-course-projects/expensify-app/src/components/ExpenseList.js": {"path":"/Users/dhiraj/Dropbox/projects/udemy-react-course-projects/expensify-app/src/components/ExpenseList.js","statementMap":{"0":{"start":{"line":6,"column":23},"end":{"line":14,"column":1}},"1":{"start":{"line":7,"column":4},"end":{"line":13,"column":10}},"2":{"start":{"line":9,"column":44},"end":{"line":9,"column":98}},"3":{"start":{"line":16,"column":24},"end":{"line":18,"column":2}},"4":{"start":{"line":16,"column":36},"end":{"line":18,"column":1}}},"fnMap":{"0":{"name":"(anonymous_0)","decl":{"start":{"line":6,"column":23},"end":{"line":6,"column":24}},"loc":{"start":{"line":7,"column":4},"end":{"line":13,"column":10}},"line":7},"1":{"name":"(anonymous_1)","decl":{"start":{"line":9,"column":31},"end":{"line":9,"column":32}},"loc":{"start":{"line":9,"column":44},"end":{"line":9,"column":98}},"line":9},"2":{"name":"(anonymous_2)","decl":{"start":{"line":16,"column":24},"end":{"line":16,"column":25}},"loc":{"start":{"line":16,"column":36},"end":{"line":18,"column":1}},"line":16}},"branchMap":{"0":{"loc":{"start":{"line":8,"column":10},"end":{"line":12,"column":9}},"type":"cond-expr","locations":[{"start":{"line":9,"column":12},"end":{"line":9,"column":99}},{"start":{"line":11,"column":12},"end":{"line":11,"column":30}}],"line":8}},"s":{"0":2,"1":2,"2":3,"3":2,"4":0},"f":{"0":2,"1":3,"2":0},"b":{"0":[1,1]},"_coverageSchema":"332fd63041d2c1bcb487cc26dd0d5f7d97098a6c","hash":"4acb9fb10163ecb974cd9639135ad392fab8a19c"}
,"/Users/dhiraj/Dropbox/projects/udemy-react-course-projects/expensify-app/src/components/ExpenseListFilter.js": {"path":"/Users/dhiraj/Dropbox/projects/udemy-react-course-projects/expensify-app/src/components/ExpenseListFilter.js","statementMap":{"0":{"start":{"line":11,"column":8},"end":{"line":11,"column":51}},"1":{"start":{"line":11,"column":29},"end":{"line":11,"column":48}},"2":{"start":{"line":14,"column":8},"end":{"line":14,"column":43}},"3":{"start":{"line":15,"column":8},"end":{"line":15,"column":39}},"4":{"start":{"line":18,"column":8},"end":{"line":22,"column":9}},"5":{"start":{"line":19,"column":12},"end":{"line":19,"column":38}},"6":{"start":{"line":20,"column":15},"end":{"line":22,"column":9}},"7":{"start":{"line":21,"column":12},"end":{"line":21,"column":36}},"8":{"start":{"line":25,"column":8},"end":{"line":25,"column":49}},"9":{"start":{"line":28,"column":8},"end":{"line":53,"column":10}},"10":{"start":{"line":50,"column":42},"end":{"line":50,"column":47}},"11":{"start":{"line":57,"column":24},"end":{"line":59,"column":2}},"12":{"start":{"line":57,"column":36},"end":{"line":59,"column":1}},"13":{"start":{"line":61,"column":27},"end":{"line":67,"column":2}},"14":{"start":{"line":61,"column":42},"end":{"line":67,"column":1}},"15":{"start":{"line":62,"column":33},"end":{"line":62,"column":66}},"16":{"start":{"line":63,"column":29},"end":{"line":63,"column":58}},"17":{"start":{"line":64,"column":24},"end":{"line":64,"column":48}},"18":{"start":{"line":65,"column":22},"end":{"line":65,"column":44}},"19":{"start":{"line":66,"column":29},"end":{"line":66,"column":58}}},"fnMap":{"0":{"name":"(anonymous_0)","decl":{"start":{"line":10,"column":20},"end":{"line":10,"column":21}},"loc":{"start":{"line":10,"column":41},"end":{"line":12,"column":5}},"line":10},"1":{"name":"(anonymous_1)","decl":{"start":{"line":11,"column":22},"end":{"line":11,"column":23}},"loc":{"start":{"line":11,"column":29},"end":{"line":11,"column":48}},"line":11},"2":{"name":"(anonymous_2)","decl":{"start":{"line":13,"column":20},"end":{"line":13,"column":21}},"loc":{"start":{"line":13,"column":48},"end":{"line":16,"column":5}},"line":13},"3":{"name":"(anonymous_3)","decl":{"start":{"line":17,"column":21},"end":{"line":17,"column":22}},"loc":{"start":{"line":17,"column":28},"end":{"line":23,"column":5}},"line":17},"4":{"name":"(anonymous_4)","decl":{"start":{"line":24,"column":19},"end":{"line":24,"column":20}},"loc":{"start":{"line":24,"column":26},"end":{"line":26,"column":5}},"line":24},"5":{"name":"(anonymous_5)","decl":{"start":{"line":27,"column":4},"end":{"line":27,"column":5}},"loc":{"start":{"line":27,"column":13},"end":{"line":54,"column":5}},"line":27},"6":{"name":"(anonymous_6)","decl":{"start":{"line":50,"column":36},"end":{"line":50,"column":37}},"loc":{"start":{"line":50,"column":42},"end":{"line":50,"column":47}},"line":50},"7":{"name":"(anonymous_7)","decl":{"start":{"line":57,"column":24},"end":{"line":57,"column":25}},"loc":{"start":{"line":57,"column":36},"end":{"line":59,"column":1}},"line":57},"8":{"name":"(anonymous_8)","decl":{"start":{"line":61,"column":27},"end":{"line":61,"column":28}},"loc":{"start":{"line":61,"column":42},"end":{"line":67,"column":1}},"line":61},"9":{"name":"(anonymous_9)","decl":{"start":{"line":62,"column":18},"end":{"line":62,"column":19}},"loc":{"start":{"line":62,"column":33},"end":{"line":62,"column":66}},"line":62},"10":{"name":"(anonymous_10)","decl":{"start":{"line":63,"column":16},"end":{"line":63,"column":17}},"loc":{"start":{"line":63,"column":29},"end":{"line":63,"column":58}},"line":63},"11":{"name":"(anonymous_11)","decl":{"start":{"line":64,"column":18},"end":{"line":64,"column":19}},"loc":{"start":{"line":64,"column":24},"end":{"line":64,"column":48}},"line":64},"12":{"name":"(anonymous_12)","decl":{"start":{"line":65,"column":16},"end":{"line":65,"column":17}},"loc":{"start":{"line":65,"column":22},"end":{"line":65,"column":44}},"line":65},"13":{"name":"(anonymous_13)","decl":{"start":{"line":66,"column":19},"end":{"line":66,"column":20}},"loc":{"start":{"line":66,"column":29},"end":{"line":66,"column":58}},"line":66}},"branchMap":{"0":{"loc":{"start":{"line":18,"column":8},"end":{"line":22,"column":9}},"type":"if","locations":[{"start":{"line":18,"column":8},"end":{"line":22,"column":9}},{"start":{"line":18,"column":8},"end":{"line":22,"column":9}}],"line":18},"1":{"loc":{"start":{"line":20,"column":15},"end":{"line":22,"column":9}},"type":"if","locations":[{"start":{"line":20,"column":15},"end":{"line":22,"column":9}},{"start":{"line":20,"column":15},"end":{"line":22,"column":9}}],"line":20}},"s":{"0":1,"1":1,"2":1,"3":1,"4":2,"5":1,"6":1,"7":1,"8":1,"9":7,"10":0,"11":2,"12":0,"13":2,"14":0,"15":0,"16":0,"17":0,"18":0,"19":0},"f":{"0":1,"1":1,"2":1,"3":2,"4":1,"5":7,"6":0,"7":0,"8":0,"9":0,"10":0,"11":0,"12":0,"13":0},"b":{"0":[1,1],"1":[1,0]},"_coverageSchema":"332fd63041d2c1bcb487cc26dd0d5f7d97098a6c","hash":"a5c353f6edc43c172ba6224009c21bb715436378"}
,"/Users/dhiraj/Dropbox/projects/udemy-react-course-projects/expensify-app/src/components/ExpenseListItem.js": {"path":"/Users/dhiraj/Dropbox/projects/udemy-react-course-projects/expensify-app/src/components/ExpenseListItem.js","statementMap":{"0":{"start":{"line":4,"column":24},"end":{"line":10,"column":1}},"1":{"start":{"line":5,"column":4},"end":{"line":9,"column":10}}},"fnMap":{"0":{"name":"(anonymous_0)","decl":{"start":{"line":4,"column":24},"end":{"line":4,"column":25}},"loc":{"start":{"line":5,"column":4},"end":{"line":9,"column":10}},"line":5}},"branchMap":{},"s":{"0":3,"1":1},"f":{"0":1},"b":{},"_coverageSchema":"332fd63041d2c1bcb487cc26dd0d5f7d97098a6c","hash":"1718ff3cc548afe7d2645f4a28ddda4c63a68bf4"}
,"/Users/dhiraj/Dropbox/projects/udemy-react-course-projects/expensify-app/src/components/Header.js": {"path":"/Users/dhiraj/Dropbox/projects/udemy-react-course-projects/expensify-app/src/components/Header.js","statementMap":{"0":{"start":{"line":4,"column":15},"end":{"line":11,"column":1}},"1":{"start":{"line":5,"column":4},"end":{"line":10,"column":13}}},"fnMap":{"0":{"name":"(anonymous_0)","decl":{"start":{"line":4,"column":15},"end":{"line":4,"column":16}},"loc":{"start":{"line":5,"column":4},"end":{"line":10,"column":13}},"line":5}},"branchMap":{},"s":{"0":1,"1":1},"f":{"0":1},"b":{},"_coverageSchema":"332fd63041d2c1bcb487cc26dd0d5f7d97098a6c","hash":"75a22940f346de8e0073f13cfd40206bbec3ce38"}
,"/Users/dhiraj/Dropbox/projects/udemy-react-course-projects/expensify-app/src/components/NotFoundPage.js": {"path":"/Users/dhiraj/Dropbox/projects/udemy-react-course-projects/expensify-app/src/components/NotFoundPage.js","statementMap":{"0":{"start":{"line":4,"column":21},"end":{"line":8,"column":1}},"1":{"start":{"line":5,"column":4},"end":{"line":7,"column":10}}},"fnMap":{"0":{"name":"(anonymous_0)","decl":{"start":{"line":4,"column":21},"end":{"line":4,"column":22}},"loc":{"start":{"line":5,"column":4},"end":{"line":7,"column":10}},"line":5}},"branchMap":{},"s":{"0":1,"1":1},"f":{"0":1},"b":{},"_coverageSchema":"332fd63041d2c1bcb487cc26dd0d5f7d97098a6c","hash":"fc0dcb5af700c182076c46026abdb933f4d77350"}
,"/Users/dhiraj/Dropbox/projects/udemy-react-course-projects/expensify-app/src/reducers/expenses.js": {"path":"/Users/dhiraj/Dropbox/projects/udemy-react-course-projects/expensify-app/src/reducers/expenses.js","statementMap":{"0":{"start":{"line":2,"column":36},"end":{"line":2,"column":38}},"1":{"start":{"line":4,"column":23},"end":{"line":16,"column":1}},"2":{"start":{"line":5,"column":4},"end":{"line":15,"column":5}},"3":{"start":{"line":7,"column":8},"end":{"line":7,"column":44}},"4":{"start":{"line":9,"column":8},"end":{"line":9,"column":67}},"5":{"start":{"line":9,"column":41},"end":{"line":9,"column":65}},"6":{"start":{"line":11,"column":8},"end":{"line":12,"column":85}},"7":{"start":{"line":12,"column":12},"end":{"line":12,"column":82}},"8":{"start":{"line":14,"column":8},"end":{"line":14,"column":21}}},"fnMap":{"0":{"name":"(anonymous_0)","decl":{"start":{"line":4,"column":23},"end":{"line":4,"column":24}},"loc":{"start":{"line":4,"column":72},"end":{"line":16,"column":1}},"line":4},"1":{"name":"(anonymous_1)","decl":{"start":{"line":9,"column":28},"end":{"line":9,"column":29}},"loc":{"start":{"line":9,"column":41},"end":{"line":9,"column":65}},"line":9},"2":{"name":"(anonymous_2)","decl":{"start":{"line":11,"column":25},"end":{"line":11,"column":26}},"loc":{"start":{"line":12,"column":12},"end":{"line":12,"column":82}},"line":12}},"branchMap":{"0":{"loc":{"start":{"line":4,"column":24},"end":{"line":4,"column":59}},"type":"default-arg","locations":[{"start":{"line":4,"column":32},"end":{"line":4,"column":59}}],"line":4},"1":{"loc":{"start":{"line":5,"column":4},"end":{"line":15,"column":5}},"type":"switch","locations":[{"start":{"line":6,"column":4},"end":{"line":7,"column":44}},{"start":{"line":8,"column":4},"end":{"line":9,"column":67}},{"start":{"line":10,"column":4},"end":{"line":12,"column":85}},{"start":{"line":13,"column":4},"end":{"line":14,"column":21}}],"line":5},"2":{"loc":{"start":{"line":12,"column":12},"end":{"line":12,"column":82}},"type":"cond-expr","locations":[{"start":{"line":12,"column":39},"end":{"line":12,"column":72}},{"start":{"line":12,"column":75},"end":{"line":12,"column":82}}],"line":12}},"s":{"0":1,"1":1,"2":7,"3":2,"4":2,"5":2,"6":2,"7":2,"8":1},"f":{"0":7,"1":2,"2":2},"b":{"0":[2],"1":[2,2,2,1],"2":[1,1]},"_coverageSchema":"332fd63041d2c1bcb487cc26dd0d5f7d97098a6c","hash":"5281ee93232841ec591bd4aa8f5a9da7409f9180"}
,"/Users/dhiraj/Dropbox/projects/udemy-react-course-projects/expensify-app/src/reducers/filters.js": {"path":"/Users/dhiraj/Dropbox/projects/udemy-react-course-projects/expensify-app/src/reducers/filters.js","statementMap":{"0":{"start":{"line":3,"column":35},"end":{"line":8,"column":1}},"1":{"start":{"line":10,"column":23},"end":{"line":25,"column":1}},"2":{"start":{"line":11,"column":4},"end":{"line":24,"column":5}},"3":{"start":{"line":13,"column":8},"end":{"line":13,"column":47}},"4":{"start":{"line":15,"column":8},"end":{"line":15,"column":44}},"5":{"start":{"line":17,"column":8},"end":{"line":17,"column":46}},"6":{"start":{"line":19,"column":8},"end":{"line":19,"column":57}},"7":{"start":{"line":21,"column":8},"end":{"line":21,"column":53}},"8":{"start":{"line":23,"column":8},"end":{"line":23,"column":21}}},"fnMap":{"0":{"name":"(anonymous_0)","decl":{"start":{"line":10,"column":23},"end":{"line":10,"column":24}},"loc":{"start":{"line":10,"column":71},"end":{"line":25,"column":1}},"line":10}},"branchMap":{"0":{"loc":{"start":{"line":10,"column":24},"end":{"line":10,"column":58}},"type":"default-arg","locations":[{"start":{"line":10,"column":32},"end":{"line":10,"column":58}}],"line":10},"1":{"loc":{"start":{"line":11,"column":4},"end":{"line":24,"column":5}},"type":"switch","locations":[{"start":{"line":12,"column":4},"end":{"line":13,"column":47}},{"start":{"line":14,"column":4},"end":{"line":15,"column":44}},{"start":{"line":16,"column":4},"end":{"line":17,"column":46}},{"start":{"line":18,"column":4},"end":{"line":19,"column":57}},{"start":{"line":20,"column":4},"end":{"line":21,"column":53}},{"start":{"line":22,"column":4},"end":{"line":23,"column":21}}],"line":11}},"s":{"0":1,"1":1,"2":6,"3":1,"4":1,"5":1,"6":1,"7":1,"8":1},"f":{"0":6},"b":{"0":[5],"1":[1,1,1,1,1,1]},"_coverageSchema":"332fd63041d2c1bcb487cc26dd0d5f7d97098a6c","hash":"cae3a8f6f4f47a5a3e17e00365d83643176f6eaa"}
,"/Users/dhiraj/Dropbox/projects/udemy-react-course-projects/expensify-app/src/selectors/expenses.js": {"path":"/Users/dhiraj/Dropbox/projects/udemy-react-course-projects/expensify-app/src/selectors/expenses.js","statementMap":{"0":{"start":{"line":4,"column":27},"end":{"line":17,"column":2}},"1":{"start":{"line":6,"column":6},"end":{"line":17,"column":2}},"2":{"start":{"line":7,"column":27},"end":{"line":7,"column":104}},"3":{"start":{"line":8,"column":25},"end":{"line":8,"column":97}},"4":{"start":{"line":9,"column":22},"end":{"line":9,"column":84}},"5":{"start":{"line":10,"column":4},"end":{"line":10,"column":55}},"6":{"start":{"line":12,"column":4},"end":{"line":16,"column":5}},"7":{"start":{"line":13,"column":8},"end":{"line":13,"column":50}},"8":{"start":{"line":14,"column":11},"end":{"line":16,"column":5}},"9":{"start":{"line":15,"column":8},"end":{"line":15,"column":44}}},"fnMap":{"0":{"name":"(anonymous_0)","decl":{"start":{"line":4,"column":27},"end":{"line":4,"column":28}},"loc":{"start":{"line":6,"column":6},"end":{"line":17,"column":2}},"line":6},"1":{"name":"(anonymous_1)","decl":{"start":{"line":6,"column":22},"end":{"line":6,"column":23}},"loc":{"start":{"line":6,"column":35},"end":{"line":11,"column":1}},"line":6},"2":{"name":"(anonymous_2)","decl":{"start":{"line":11,"column":8},"end":{"line":11,"column":9}},"loc":{"start":{"line":11,"column":18},"end":{"line":17,"column":1}},"line":11}},"branchMap":{"0":{"loc":{"start":{"line":7,"column":27},"end":{"line":7,"column":104}},"type":"cond-expr","locations":[{"start":{"line":7,"column":39},"end":{"line":7,"column":97}},{"start":{"line":7,"column":100},"end":{"line":7,"column":104}}],"line":7},"1":{"loc":{"start":{"line":8,"column":25},"end":{"line":8,"column":97}},"type":"cond-expr","locations":[{"start":{"line":8,"column":35},"end":{"line":8,"column":90}},{"start":{"line":8,"column":93},"end":{"line":8,"column":97}}],"line":8},"2":{"loc":{"start":{"line":10,"column":11},"end":{"line":10,"column":54}},"type":"binary-expr","locations":[{"start":{"line":10,"column":11},"end":{"line":10,"column":25}},{"start":{"line":10,"column":29},"end":{"line":10,"column":41}},{"start":{"line":10,"column":45},"end":{"line":10,"column":54}}],"line":10},"3":{"loc":{"start":{"line":12,"column":4},"end":{"line":16,"column":5}},"type":"if","locations":[{"start":{"line":12,"column":4},"end":{"line":16,"column":5}},{"start":{"line":12,"column":4},"end":{"line":16,"column":5}}],"line":12},"4":{"loc":{"start":{"line":13,"column":15},"end":{"line":13,"column":49}},"type":"cond-expr","locations":[{"start":{"line":13,"column":43},"end":{"line":13,"column":44}},{"start":{"line":13,"column":47},"end":{"line":13,"column":49}}],"line":13},"5":{"loc":{"start":{"line":14,"column":11},"end":{"line":16,"column":5}},"type":"if","locations":[{"start":{"line":14,"column":11},"end":{"line":16,"column":5}},{"start":{"line":14,"column":11},"end":{"line":16,"column":5}}],"line":14},"6":{"loc":{"start":{"line":15,"column":15},"end":{"line":15,"column":43}},"type":"cond-expr","locations":[{"start":{"line":15,"column":37},"end":{"line":15,"column":38}},{"start":{"line":15,"column":41},"end":{"line":15,"column":43}}],"line":15}},"s":{"0":3,"1":5,"2":15,"3":15,"4":15,"5":15,"6":8,"7":5,"8":3,"9":3},"f":{"0":5,"1":15,"2":8},"b":{"0":[3,12],"1":[3,12],"2":[15,14,13],"3":[5,3],"4":[3,2],"5":[3,0],"6":[3,0]},"_coverageSchema":"332fd63041d2c1bcb487cc26dd0d5f7d97098a6c","hash":"3faf4d4d72d7c882282bf3c975a4b49038f2f74f"}
,"/Users/dhiraj/Dropbox/projects/udemy-react-course-projects/expensify-app/src/tests/setupTests.js": {"path":"/Users/dhiraj/Dropbox/projects/udemy-react-course-projects/expensify-app/src/tests/setupTests.js","statementMap":{"0":{"start":{"line":4,"column":0},"end":{"line":6,"column":3}}},"fnMap":{},"branchMap":{},"s":{"0":14},"f":{},"b":{},"_coverageSchema":"332fd63041d2c1bcb487cc26dd0d5f7d97098a6c","hash":"0e56e01524427b3fcde7fbfc01322fb7dd5182ab"}
,"/Users/dhiraj/Dropbox/projects/udemy-react-course-projects/expensify-app/src/tests/fixtures/expenses.js": {"path":"/Users/dhiraj/Dropbox/projects/udemy-react-course-projects/expensify-app/src/tests/fixtures/expenses.js","statementMap":{},"fnMap":{},"branchMap":{},"s":{},"f":{},"b":{},"_coverageSchema":"332fd63041d2c1bcb487cc26dd0d5f7d97098a6c","hash":"07b56352c284ac0bc461fd5a9c5ba59a701edbcb"}
}
