TN:
SF:/Users/dhiraj/Dropbox/projects/udemy-react-course-projects/expensify-app/src/actions/expenses.js
FN:4,(anonymous_0)
FN:21,(anonymous_1)
FN:27,(anonymous_2)
FNF:3
FNH:3
FNDA:2,(anonymous_0)
FNDA:1,(anonymous_1)
FNDA:1,(anonymous_2)
DA:4,3
DA:9,2
DA:21,3
DA:27,3
LF:4
LH:4
BRDA:5,0,0,1
BRDA:6,1,0,1
BRDA:7,2,0,1
BRDA:8,3,0,1
BRDA:21,4,0,0
BRF:5
BRH:4
end_of_record
TN:
SF:/Users/dhiraj/Dropbox/projects/udemy-react-course-projects/expensify-app/src/actions/filters.js
FN:2,(anonymous_0)
FN:8,(anonymous_1)
FN:11,(anonymous_2)
FN:14,(anonymous_3)
FN:20,(anonymous_4)
FNF:5
FNH:5
FNDA:2,(anonymous_0)
FNDA:1,(anonymous_1)
FNDA:1,(anonymous_2)
FNDA:1,(anonymous_3)
FNDA:1,(anonymous_4)
DA:2,3
DA:8,3
DA:11,3
DA:14,3
DA:20,3
LF:5
LH:5
BRDA:2,0,0,1
BRF:1
BRH:1
end_of_record
TN:
SF:/Users/dhiraj/Dropbox/projects/udemy-react-course-projects/expensify-app/src/components/AddExpensePage.js
FN:7,(anonymous_0)
FN:11,(anonymous_1)
FN:21,(anonymous_2)
FN:22,(anonymous_3)
FNF:4
FNH:2
FNDA:1,(anonymous_0)
FNDA:2,(anonymous_1)
FNDA:0,(anonymous_2)
FNDA:0,(anonymous_3)
DA:8,1
DA:9,1
DA:12,2
DA:21,1
DA:22,0
LF:5
LH:4
BRF:0
BRH:0
end_of_record
TN:
SF:/Users/dhiraj/Dropbox/projects/udemy-react-course-projects/expensify-app/src/components/EditExpensePage.js
FN:7,(anonymous_0)
FN:11,(anonymous_1)
FN:15,(anonymous_2)
FN:27,(anonymous_3)
FN:28,(anonymous_4)
FN:31,(anonymous_5)
FN:32,(anonymous_6)
FN:33,(anonymous_7)
FNF:8
FNH:3
FNDA:1,(anonymous_0)
FNDA:1,(anonymous_1)
FNDA:3,(anonymous_2)
FNDA:0,(anonymous_3)
FNDA:0,(anonymous_4)
FNDA:0,(anonymous_5)
FNDA:0,(anonymous_6)
FNDA:0,(anonymous_7)
DA:8,1
DA:9,1
DA:12,1
DA:13,1
DA:16,3
DA:27,1
DA:28,0
DA:31,1
DA:32,0
DA:33,0
LF:10
LH:7
BRF:0
BRH:0
end_of_record
TN:
SF:/Users/dhiraj/Dropbox/projects/udemy-react-course-projects/expensify-app/src/components/ExpenseDashboardPage.js
FN:5,(anonymous_0)
FNF:1
FNH:1
FNDA:1,(anonymous_0)
DA:5,1
DA:6,1
LF:2
LH:2
BRF:0
BRH:0
end_of_record
TN:
SF:/Users/dhiraj/Dropbox/projects/udemy-react-course-projects/expensify-app/src/components/ExpenseForm.js
FN:14,(anonymous_0)
FN:16,(anonymous_1)
FN:18,(anonymous_2)
FN:21,(anonymous_3)
FN:24,(anonymous_4)
FN:26,(anonymous_5)
FN:29,(anonymous_6)
FN:30,(anonymous_7)
FN:32,(anonymous_8)
FN:34,(anonymous_9)
FN:36,(anonymous_10)
FN:39,(anonymous_11)
FN:41,(anonymous_12)
FN:50,(anonymous_13)
FN:72,(anonymous_14)
FNF:15
FNH:14
FNDA:2,(anonymous_0)
FNDA:2,(anonymous_1)
FNDA:2,(anonymous_2)
FNDA:1,(anonymous_3)
FNDA:1,(anonymous_4)
FNDA:1,(anonymous_5)
FNDA:1,(anonymous_6)
FNDA:1,(anonymous_7)
FNDA:1,(anonymous_8)
FNDA:1,(anonymous_9)
FNDA:2,(anonymous_10)
FNDA:1,(anonymous_11)
FNDA:1,(anonymous_12)
FNDA:18,(anonymous_13)
FNDA:0,(anonymous_14)
DA:15,2
DA:16,2
DA:19,2
DA:20,2
DA:21,1
DA:25,1
DA:26,1
DA:30,1
DA:33,1
DA:34,1
DA:37,2
DA:38,2
DA:39,1
DA:41,1
DA:42,1
DA:51,18
DA:72,0
LF:17
LH:16
BRDA:7,0,0,8
BRDA:7,0,1,2
BRDA:8,1,0,8
BRDA:8,1,1,2
BRDA:9,2,0,8
BRDA:9,2,1,2
BRDA:10,3,0,8
BRDA:10,3,1,2
BRDA:20,4,0,1
BRDA:20,4,1,1
BRDA:20,5,0,2
BRDA:20,5,1,2
BRDA:25,6,0,1
BRDA:25,6,1,0
BRDA:38,7,0,1
BRDA:38,7,1,1
BRDA:38,8,0,2
BRDA:38,8,1,1
BRDA:53,9,0,18
BRDA:53,9,1,1
BRF:20
BRH:19
end_of_record
TN:
SF:/Users/dhiraj/Dropbox/projects/udemy-react-course-projects/expensify-app/src/components/ExpenseList.js
FN:6,(anonymous_0)
FN:9,(anonymous_1)
FN:16,(anonymous_2)
FNF:3
FNH:2
FNDA:2,(anonymous_0)
FNDA:3,(anonymous_1)
FNDA:0,(anonymous_2)
DA:6,2
DA:7,2
DA:9,3
DA:16,2
LF:4
LH:4
BRDA:8,0,0,1
BRDA:8,0,1,1
BRF:2
BRH:2
end_of_record
TN:
SF:/Users/dhiraj/Dropbox/projects/udemy-react-course-projects/expensify-app/src/components/ExpenseListFilter.js
FN:10,(anonymous_0)
FN:11,(anonymous_1)
FN:13,(anonymous_2)
FN:17,(anonymous_3)
FN:24,(anonymous_4)
FN:27,(anonymous_5)
FN:50,(anonymous_6)
FN:57,(anonymous_7)
FN:61,(anonymous_8)
FN:62,(anonymous_9)
FN:63,(anonymous_10)
FN:64,(anonymous_11)
FN:65,(anonymous_12)
FN:66,(anonymous_13)
FNF:14
FNH:6
FNDA:1,(anonymous_0)
FNDA:1,(anonymous_1)
FNDA:1,(anonymous_2)
FNDA:2,(anonymous_3)
FNDA:1,(anonymous_4)
FNDA:7,(anonymous_5)
FNDA:0,(anonymous_6)
FNDA:0,(anonymous_7)
FNDA:0,(anonymous_8)
FNDA:0,(anonymous_9)
FNDA:0,(anonymous_10)
FNDA:0,(anonymous_11)
FNDA:0,(anonymous_12)
FNDA:0,(anonymous_13)
DA:11,1
DA:14,1
DA:15,1
DA:18,2
DA:19,1
DA:20,1
DA:21,1
DA:25,1
DA:28,7
DA:50,0
DA:57,2
DA:61,2
DA:62,0
DA:63,0
DA:64,0
DA:65,0
DA:66,0
LF:17
LH:11
BRDA:18,0,0,1
BRDA:18,0,1,1
BRDA:20,1,0,1
BRDA:20,1,1,0
BRF:4
BRH:3
end_of_record
TN:
SF:/Users/dhiraj/Dropbox/projects/udemy-react-course-projects/expensify-app/src/components/ExpenseListItem.js
FN:4,(anonymous_0)
FNF:1
FNH:1
FNDA:1,(anonymous_0)
DA:4,3
DA:5,1
LF:2
LH:2
BRF:0
BRH:0
end_of_record
TN:
SF:/Users/dhiraj/Dropbox/projects/udemy-react-course-projects/expensify-app/src/components/Header.js
FN:4,(anonymous_0)
FNF:1
FNH:1
FNDA:1,(anonymous_0)
DA:4,1
DA:5,1
LF:2
LH:2
BRF:0
BRH:0
end_of_record
TN:
SF:/Users/dhiraj/Dropbox/projects/udemy-react-course-projects/expensify-app/src/components/NotFoundPage.js
FN:4,(anonymous_0)
FNF:1
FNH:1
FNDA:1,(anonymous_0)
DA:4,1
DA:5,1
LF:2
LH:2
BRF:0
BRH:0
end_of_record
TN:
SF:/Users/dhiraj/Dropbox/projects/udemy-react-course-projects/expensify-app/src/reducers/expenses.js
FN:4,(anonymous_0)
FN:9,(anonymous_1)
FN:11,(anonymous_2)
FNF:3
FNH:3
FNDA:7,(anonymous_0)
FNDA:2,(anonymous_1)
FNDA:2,(anonymous_2)
DA:2,1
DA:4,1
DA:5,7
DA:7,2
DA:9,2
DA:11,2
DA:12,2
DA:14,1
LF:8
LH:8
BRDA:4,0,0,2
BRDA:5,1,0,2
BRDA:5,1,1,2
BRDA:5,1,2,2
BRDA:5,1,3,1
BRDA:12,2,0,1
BRDA:12,2,1,1
BRF:7
BRH:7
end_of_record
TN:
SF:/Users/dhiraj/Dropbox/projects/udemy-react-course-projects/expensify-app/src/reducers/filters.js
FN:10,(anonymous_0)
FNF:1
FNH:1
FNDA:6,(anonymous_0)
DA:3,1
DA:10,1
DA:11,6
DA:13,1
DA:15,1
DA:17,1
DA:19,1
DA:21,1
DA:23,1
LF:9
LH:9
BRDA:10,0,0,5
BRDA:11,1,0,1
BRDA:11,1,1,1
BRDA:11,1,2,1
BRDA:11,1,3,1
BRDA:11,1,4,1
BRDA:11,1,5,1
BRF:7
BRH:7
end_of_record
TN:
SF:/Users/dhiraj/Dropbox/projects/udemy-react-course-projects/expensify-app/src/selectors/expenses.js
FN:4,(anonymous_0)
FN:6,(anonymous_1)
FN:11,(anonymous_2)
FNF:3
FNH:3
FNDA:5,(anonymous_0)
FNDA:15,(anonymous_1)
FNDA:8,(anonymous_2)
DA:4,3
DA:6,5
DA:7,15
DA:8,15
DA:9,15
DA:10,15
DA:12,8
DA:13,5
DA:14,3
DA:15,3
LF:10
LH:10
BRDA:7,0,0,3
BRDA:7,0,1,12
BRDA:8,1,0,3
BRDA:8,1,1,12
BRDA:10,2,0,15
BRDA:10,2,1,14
BRDA:10,2,2,13
BRDA:12,3,0,5
BRDA:12,3,1,3
BRDA:13,4,0,3
BRDA:13,4,1,2
BRDA:14,5,0,3
BRDA:14,5,1,0
BRDA:15,6,0,3
BRDA:15,6,1,0
BRF:15
BRH:13
end_of_record
TN:
SF:/Users/dhiraj/Dropbox/projects/udemy-react-course-projects/expensify-app/src/tests/setupTests.js
FNF:0
FNH:0
DA:4,14
LF:1
LH:1
BRF:0
BRH:0
end_of_record
TN:
SF:/Users/dhiraj/Dropbox/projects/udemy-react-course-projects/expensify-app/src/tests/fixtures/expenses.js
FNF:0
FNH:0
LF:0
LH:0
BRF:0
BRH:0
end_of_record
